1647875497373	geckodriver	INFO	Listening on 127.0.0.1:44753
1647875497670	mozrunner::runner	INFO	Running command: "/usr/bin/firefox" "--marionette" "-no-remote" "-profile" "/tmp/rust_mozprofiled1uuZg"
1647875508140	Marionette	INFO	Marionette enabled
console.warn: SearchSettings: "get: No settings file exists, new profile?" (new NotFoundError("Could not open the file at /tmp/rust_mozprofiled1uuZg/search.json.mozlz4", (void 0)))
1647875517970	Marionette	INFO	Listening on port 33381
1647875518288	RemoteAgent	WARN	TLS certificate errors will be ignored for this session
JavaScript warning: https://mc.yandex.ru/metrika/watch.js, line 12: WEBGL_debug_renderer_info is deprecated in Firefox and will be removed. Please use RENDERER.
1647875567731	geckodriver	INFO	Listening on 127.0.0.1:42167
1647875567737	mozrunner::runner	INFO	Running command: "/usr/bin/firefox" "--marionette" "-no-remote" "-profile" "/tmp/rust_mozprofileBSy59H"
1647875570079	Marionette	INFO	Marionette enabled
console.warn: SearchSettings: "get: No settings file exists, new profile?" (new NotFoundError("Could not open the file at /tmp/rust_mozprofileBSy59H/search.json.mozlz4", (void 0)))
1647875575571	Marionette	INFO	Listening on port 37737
1647875576539	RemoteAgent	WARN	TLS certificate errors will be ignored for this session
JavaScript warning: https://mc.yandex.ru/metrika/watch.js, line 12: WEBGL_debug_renderer_info is deprecated in Firefox and will be removed. Please use RENDERER.
1647875649149	Marionette	INFO	Stopped listening on port 37737
1647875649763	Marionette	INFO	Stopped listening on port 33381

###!!! [Parent][PImageBridgeParent] Error: RunMessage(msgname=PImageBridge::Msg_WillClose) Channel closing: too late to send/recv, messages will be lost

1647875658519	geckodriver	INFO	Listening on 127.0.0.1:50629
1647875658525	mozrunner::runner	INFO	Running command: "/usr/bin/firefox" "--marionette" "-no-remote" "-profile" "/tmp/rust_mozprofilehLy08k"
1647875666000	Marionette	INFO	Marionette enabled
console.warn: SearchSettings: "get: No settings file exists, new profile?" (new NotFoundError("Could not open the file at /tmp/rust_mozprofilehLy08k/search.json.mozlz4", (void 0)))
1647875673931	Marionette	INFO	Listening on port 41903
console.error: Region.jsm: "Error fetching region" (new Error("TIMEOUT", "resource://gre/modules/Region.jsm", 772))
console.error: Region.jsm: "Failed to fetch region" (new Error("TIMEOUT", "resource://gre/modules/Region.jsm", 419))
1647875674900	RemoteAgent	WARN	TLS certificate errors will be ignored for this session
JavaScript warning: https://mc.yandex.ru/metrika/watch.js, line 12: WEBGL_debug_renderer_info is deprecated in Firefox and will be removed. Please use RENDERER.
1647876933063	Marionette	INFO	Stopped listening on port 41903

###!!! [Parent][PImageBridgeParent] Error: RunMessage(msgname=PImageBridge::Msg_WillClose) Channel closing: too late to send/recv, messages will be lost

1648220670913	geckodriver	INFO	Listening on 127.0.0.1:55175
1648220671569	mozrunner::runner	INFO	Running command: "/usr/bin/firefox" "--marionette" "--remote-debugging-port" "39825" "-no-remote" "-profile" "/tmp/rust_mozprofileNDaoaU"
1648220680485	Marionette	INFO	Marionette enabled
console.warn: SearchSettings: "get: No settings file exists, new profile?" (new NotFoundError("Could not open the file at /tmp/rust_mozprofileNDaoaU/search.json.mozlz4", (void 0)))
DevTools listening on ws://localhost:39825/devtools/browser/bc28f1b8-273a-4a6e-8b85-85a1b6a51f1e
console.error: Region.jsm: "Error fetching region" (new Error("TIMEOUT", "resource://gre/modules/Region.jsm", 772))
console.error: Region.jsm: "Failed to fetch region" (new Error("TIMEOUT", "resource://gre/modules/Region.jsm", 419))
1648220690659	Marionette	INFO	Listening on port 42609
1648220691167	RemoteAgent	WARN	TLS certificate errors will be ignored for this session
JavaScript warning: https://mc.yandex.ru/metrika/watch.js, line 13: WEBGL_debug_renderer_info is deprecated in Firefox and will be removed. Please use RENDERER.
1648220767838	Marionette	INFO	Stopped listening on port 42609
console.warn: TopSitesFeed: Failed to fetch data from Contile server: NetworkError when attempting to fetch resource.
